#
# There is insufficient memory for the Java Runtime Environment to continue.
# Native memory allocation (mmap) failed to map 134217728 bytes for Failed to commit area from 0x0000000080000000 to 0x0000000088000000 of length 134217728.
# Possible reasons:
#   The system is out of physical RAM or swap space
#   The process is running with CompressedOops enabled, and the Java Heap may be blocking the growth of the native heap
# Possible solutions:
#   Reduce memory load on the system
#   Increase physical memory or swap space
#   Check if swap backing store is full
#   Decrease Java heap size (-Xmx/-Xms)
#   Decrease number of Java threads
#   Decrease Java thread stack sizes (-Xss)
#   Set larger code cache with -XX:ReservedCodeCacheSize=
#   JVM is running with Unscaled Compressed Oops mode in which the Java heap is
#     placed in the first 4GB address space. The Java Heap base address is the
#     maximum limit for the native heap growth. Please use -XX:HeapBaseMinAddress
#     to set the Java Heap base and to place the Java Heap above 4GB virtual address.
# This output file may be truncated or incomplete.
#
#  Out of Memory Error (./open/src/hotspot/os/windows/os_windows.cpp:3315), pid=7016, tid=14360
#
# JRE version:  (14.0.1+7) (build )
# Java VM: Java HotSpot(TM) 64-Bit Server VM (14.0.1+7, mixed mode, sharing, tiered, compressed oops, g1 gc, windows-amd64)
# No core dump will be written. Minidumps are not enabled by default on client versions of Windows
#

---------------  S U M M A R Y ------------

Command Line: -Xmx2048M -Dfile.encoding=UTF8 C:\Program Files\2017.1.5f1\Editor\Data\PlaybackEngines\AndroidPlayer/Tools\sdktools.jar -

Host: Intel(R) Core(TM) i7-3610QM CPU @ 2.30GHz, 8 cores, 7G,  Windows 10 , 64 bit Build 19041 (10.0.19041.292)
Time: Tue Oct 20 11:17:16 2020 Новосибирское стандартное время elapsed time: 0 seconds (0d 0h 0m 0s)

---------------  T H R E A D  ---------------

Current thread (0x000001ea314e6800):  JavaThread "Unknown thread" [_thread_in_vm, id=14360, stack(0x0000008fd7800000,0x0000008fd7900000)]

Stack: [0x0000008fd7800000,0x0000008fd7900000]
Native frames: (J=compiled Java code, j=interpreted, Vv=VM code, C=native code)
V  [jvm.dll+0x5f840a]
V  [jvm.dll+0x741e4a]
V  [jvm.dll+0x7435ff]
V  [jvm.dll+0x743c43]
V  [jvm.dll+0x20d288]
V  [jvm.dll+0x5f57ba]
V  [jvm.dll+0x5ea615]
V  [jvm.dll+0x2c7e9c]
V  [jvm.dll+0x2c7cd2]
V  [jvm.dll+0x2cdbbc]
V  [jvm.dll+0x313ff8]
V  [jvm.dll+0x313720]
V  [jvm.dll+0x2a092a]
V  [jvm.dll+0x2a1a79]
V  [jvm.dll+0x71f718]
V  [jvm.dll+0x321c44]
V  [jvm.dll+0x700b0c]
V  [jvm.dll+0x392dff]
V  [jvm.dll+0x394e71]
C  [jli.dll+0x523b]
C  [ucrtbase.dll+0x21542]
C  [KERNEL32.DLL+0x16fd4]
C  [ntdll.dll+0x4cec1]


---------------  P R O C E S S  ---------------

Threads class SMR info:
_java_thread_list=0x00007ff974a03078, length=0, elements={
}

Java Threads: ( => current thread )

Other Threads:
  0x000001ea3152b800 GCTaskThread "GC Thread#0" [stack: 0x0000008fd7900000,0x0000008fd7a00000] [id=18900]
  0x000001ea3153e000 ConcurrentGCThread "G1 Main Marker" [stack: 0x0000008fd7a00000,0x0000008fd7b00000] [id=17808]
  0x000001ea31540000 ConcurrentGCThread "G1 Conc#0" [stack: 0x0000008fd7b00000,0x0000008fd7c00000] [id=6972]

[error occurred during error reporting (printing all threads), id 0xc0000005, EXCEPTION_ACCESS_VIOLATION (0xc0000005) at pc=0x00007ff974231257]

VM state:not at safepoint (not fully initialized)

VM Mutex/Monitor currently owned by a thread:  ([mutex/lock_event])
[0x000001ea314e18a0] Heap_lock - owner thread: 0x000001ea314e6800

Heap address: 0x0000000080000000, size: 2048 MB, Compressed Oops mode: 32-bit
Narrow klass base: 0x0000000000000000, Narrow klass shift: 0

GC Heap History (0 events):
No events

Deoptimization events (0 events):
No events

Classes unloaded (0 events):
No events

Classes redefined (0 events):
No events

Internal exceptions (0 events):
No events

Events (2 events):
Event: 0.038 Loaded shared library C:\Program Files\Java\jdk-14.0.1\bin\java.dll
Event: 0.040 Loaded shared library C:\Program Files\Java\jdk-14.0.1\bin\zip.dll


Dynamic libraries:
0x00007ff6a0bd0000 - 0x00007ff6a0bdf000 	C:\Program Files\Java\jdk-14.0.1\bin\java.exe
0x00007ff9dbc90000 - 0x00007ff9dbe84000 	C:\Windows\SYSTEM32\ntdll.dll
0x00007ff9db780000 - 0x00007ff9db83d000 	C:\Windows\System32\KERNEL32.DLL
0x00007ff9d93e0000 - 0x00007ff9d96a7000 	C:\Windows\System32\KERNELBASE.dll
0x00007ff9d9af0000 - 0x00007ff9d9bf0000 	C:\Windows\System32\ucrtbase.dll
0x00007ff9cb5d0000 - 0x00007ff9cb5e5000 	C:\Program Files\Java\jdk-14.0.1\bin\VCRUNTIME140.dll
0x00007ff9c8d80000 - 0x00007ff9c8d98000 	C:\Program Files\Java\jdk-14.0.1\bin\jli.dll
0x00007ff9d9d00000 - 0x00007ff9d9daa000 	C:\Windows\System32\ADVAPI32.dll
0x00007ff9da590000 - 0x00007ff9da62e000 	C:\Windows\System32\msvcrt.dll
0x00007ff9da0b0000 - 0x00007ff9da14b000 	C:\Windows\System32\sechost.dll
0x00007ff9d9f80000 - 0x00007ff9da0a3000 	C:\Windows\System32\RPCRT4.dll
0x00007ff9dba90000 - 0x00007ff9dbc30000 	C:\Windows\System32\USER32.dll
0x00007ff9d96b0000 - 0x00007ff9d96d2000 	C:\Windows\System32\win32u.dll
0x00007ff9cbd20000 - 0x00007ff9cbfba000 	C:\Windows\WinSxS\amd64_microsoft.windows.common-controls_6595b64144ccf1df_6.0.19041.1_none_b555e41d4684ddec\COMCTL32.dll
0x00007ff9d9e10000 - 0x00007ff9d9e3a000 	C:\Windows\System32\GDI32.dll
0x00007ff9d99e0000 - 0x00007ff9d9aea000 	C:\Windows\System32\gdi32full.dll
0x00007ff9d97b0000 - 0x00007ff9d984d000 	C:\Windows\System32\msvcp_win.dll
0x00007ff9cf5e0000 - 0x00007ff9cf5ea000 	C:\Windows\SYSTEM32\VERSION.dll
0x00007ff9da800000 - 0x00007ff9da830000 	C:\Windows\System32\IMM32.DLL
0x00007ff9b0460000 - 0x00007ff9b04fb000 	C:\Program Files\Java\jdk-14.0.1\bin\msvcp140.dll
0x00007ff973f80000 - 0x00007ff974a9e000 	C:\Program Files\Java\jdk-14.0.1\bin\server\jvm.dll
0x00007ff9dbc30000 - 0x00007ff9dbc38000 	C:\Windows\System32\PSAPI.DLL
0x00007ff9cf5a0000 - 0x00007ff9cf5c7000 	C:\Windows\SYSTEM32\WINMM.dll
0x00007ff99db10000 - 0x00007ff99db19000 	C:\Windows\SYSTEM32\WSOCK32.dll
0x00007ff9db840000 - 0x00007ff9db8ab000 	C:\Windows\System32\WS2_32.dll
0x00007ff9d7d40000 - 0x00007ff9d7d53000 	C:\Windows\SYSTEM32\kernel.appcore.dll
0x00007ff9d5390000 - 0x00007ff9d539a000 	C:\Program Files\Java\jdk-14.0.1\bin\jimage.dll
0x00007ff9c71b0000 - 0x00007ff9c7394000 	C:\Windows\SYSTEM32\DBGHELP.DLL
0x00007ff9c7450000 - 0x00007ff9c747c000 	C:\Windows\SYSTEM32\dbgcore.DLL
0x00007ff9d9730000 - 0x00007ff9d97af000 	C:\Windows\System32\bcryptPrimitives.dll
0x00007ff9bc7b0000 - 0x00007ff9bc7d5000 	C:\Program Files\Java\jdk-14.0.1\bin\java.dll
0x00007ff9bc5c0000 - 0x00007ff9bc5d6000 	C:\Program Files\Java\jdk-14.0.1\bin\zip.dll

dbghelp: loaded successfully - version: 4.0.5 - missing functions: none
symbol engine: initialized successfully - sym options: 0x614 - pdb path: .;C:\Program Files\Java\jdk-14.0.1\bin;C:\Windows\SYSTEM32;C:\Windows\WinSxS\amd64_microsoft.windows.common-controls_6595b64144ccf1df_6.0.19041.1_none_b555e41d4684ddec;C:\Program Files\Java\jdk-14.0.1\bin\server

VM Arguments:
jvm_args: -Xmx2048M -Dfile.encoding=UTF8 
java_command: C:\Program Files\2017.1.5f1\Editor\Data\PlaybackEngines\AndroidPlayer/Tools\sdktools.jar -
java_class_path (initial): C:\Program Files\2017.1.5f1\Editor\Data\PlaybackEngines\AndroidPlayer/Tools\sdktools.jar
Launcher Type: SUN_STANDARD

[Global flags]
     intx CICompilerCount                          = 4                                         {product} {ergonomic}
     uint ConcGCThreads                            = 2                                         {product} {ergonomic}
     uint G1ConcRefinementThreads                  = 8                                         {product} {ergonomic}
   size_t G1HeapRegionSize                         = 1048576                                   {product} {ergonomic}
    uintx GCDrainStackTargetSize                   = 64                                        {product} {ergonomic}
   size_t InitialHeapSize                          = 134217728                                 {product} {ergonomic}
   size_t MarkStackSize                            = 4194304                                   {product} {ergonomic}
   size_t MaxHeapSize                              = 2147483648                                {product} {command line}
   size_t MinHeapDeltaBytes                        = 1048576                                   {product} {ergonomic}
   size_t MinHeapSize                              = 8388608                                   {product} {ergonomic}
    uintx NonNMethodCodeHeapSize                   = 5839372                                {pd product} {ergonomic}
    uintx NonProfiledCodeHeapSize                  = 122909434                              {pd product} {ergonomic}
    uintx ProfiledCodeHeapSize                     = 122909434                              {pd product} {ergonomic}
    uintx ReservedCodeCacheSize                    = 251658240                              {pd product} {ergonomic}
     bool SegmentedCodeCache                       = true                                      {product} {ergonomic}
   size_t SoftMaxHeapSize                          = 2147483648                             {manageable} {ergonomic}
     bool UseCompressedClassPointers               = true                                 {lp64_product} {ergonomic}
     bool UseCompressedOops                        = true                                 {lp64_product} {ergonomic}
     bool UseG1GC                                  = true                                      {product} {ergonomic}
     bool UseLargePagesIndividualAllocation        = false                                  {pd product} {ergonomic}

Logging:
Log output configuration:
 #0: stdout all=warning uptime,level,tags
 #1: stderr all=off uptime,level,tags

Environment Variables:
PATH=C:\Program Files (x86)\VMware\VMware Player\bin\;C:\Program Files (x86)\Common Files\Oracle\Java\javapath;C:\Windows\system32;C:\Windows;C:\Windows\System32\Wbem;C:\Windows\System32\WindowsPowerShell\v1.0\;C:\Windows\System32\OpenSSH\;C:\Program Files\Hewlett-Packard\SimplePass\;C:\Program Files\7-Zip;C:\Program Files\Git\cmd;C:\Program Files\Microsoft SQL Server\130\Tools\Binn\;C:\Program Files (x86)\GtkSharp\2.12\bin;C:\Users\avane\AppData\Local\Microsoft\WindowsApps;
USERNAME=avane
OS=Windows_NT
PROCESSOR_IDENTIFIER=Intel64 Family 6 Model 58 Stepping 9, GenuineIntel



---------------  S Y S T E M  ---------------

OS: Windows 10 , 64 bit Build 19041 (10.0.19041.292)
OS uptime: 5 days 13:26 hours

CPU:total 8 (initial active 8) (4 cores per cpu, 2 threads per core) family 6 model 58 stepping 9, cmov, cx8, fxsr, mmx, sse, sse2, sse3, ssse3, sse4.1, sse4.2, popcnt, avx, aes, clmul, erms, ht, tsc, tscinvbit, tscinv

Memory: 4k page, system-wide physical 8091M (1368M free)
TotalPageFile size 10139M (AvailPageFile size 70M)
current process WorkingSet (physical memory assigned to process): 10M, peak: 10M
current process commit charge ("private bytes"): 60M, peak: 188M

vm_info: Java HotSpot(TM) 64-Bit Server VM (14.0.1+7) for windows-amd64 JRE (14.0.1+7), built on Mar  5 2020 10:30:14 by "mach5one" with MS VC++ 15.9 (VS2017)

END.
