#
# There is insufficient memory for the Java Runtime Environment to continue.
# Native memory allocation (malloc) failed to allocate 1048576 bytes for AllocateHeap
# Possible reasons:
#   The system is out of physical RAM or swap space
#   The process is running with CompressedOops enabled, and the Java Heap may be blocking the growth of the native heap
# Possible solutions:
#   Reduce memory load on the system
#   Increase physical memory or swap space
#   Check if swap backing store is full
#   Decrease Java heap size (-Xmx/-Xms)
#   Decrease number of Java threads
#   Decrease Java thread stack sizes (-Xss)
#   Set larger code cache with -XX:ReservedCodeCacheSize=
#   JVM is running with Unscaled Compressed Oops mode in which the Java heap is
#     placed in the first 4GB address space. The Java Heap base address is the
#     maximum limit for the native heap growth. Please use -XX:HeapBaseMinAddress
#     to set the Java Heap base and to place the Java Heap above 4GB virtual address.
# This output file may be truncated or incomplete.
#
#  Out of Memory Error (memory/allocation.inline.hpp:61), pid=1904, tid=0x000000000000477c
#
# JRE version:  (8.0_251-b08) (build )
# Java VM: Java HotSpot(TM) 64-Bit Server VM (25.251-b08 mixed mode windows-amd64 compressed oops)
# Failed to write core dump. Minidumps are not enabled by default on client versions of Windows
#

---------------  T H R E A D  ---------------

Current thread (0x0000000002e2e000):  JavaThread "Unknown thread" [_thread_in_vm, id=18300, stack(0x0000000002c70000,0x0000000002d70000)]

Stack: [0x0000000002c70000,0x0000000002d70000]
[error occurred during error reporting (printing stack bounds), id 0xc0000005]

Native frames: (J=compiled Java code, j=interpreted, Vv=VM code, C=native code)


---------------  P R O C E S S  ---------------

Java Threads: ( => current thread )

Other Threads:

=>0x0000000002e2e000 (exited) JavaThread "Unknown thread" [_thread_in_vm, id=18300, stack(0x0000000002c70000,0x0000000002d70000)]

VM state:not at safepoint (normal execution)

VM Mutex/Monitor currently owned by a thread: None

heap address: 0x00000000fc000000, size: 64 MB, Compressed Oops mode: 32-bit
Narrow klass base: 0x0000000000000000, Narrow klass shift: 3
Compressed class space size: 1073741824 Address: 0x0000000100000000

Heap:
 PSYoungGen      total 18944K, used 327K [0x00000000feb00000, 0x0000000100000000, 0x0000000100000000)
  eden space 16384K, 2% used [0x00000000feb00000,0x00000000feb51ec8,0x00000000ffb00000)
  from space 2560K, 0% used [0x00000000ffd80000,0x00000000ffd80000,0x0000000100000000)
  to   space 2560K, 0% used [0x00000000ffb00000,0x00000000ffb00000,0x00000000ffd80000)
 ParOldGen       total 44032K, used 0K [0x00000000fc000000, 0x00000000feb00000, 0x00000000feb00000)
  object space 44032K, 0% used [0x00000000fc000000,0x00000000fc000000,0x00000000feb00000)
 Metaspace       used 776K, capacity 4480K, committed 4480K, reserved 1056768K
  class space    used 76K, capacity 384K, committed 384K, reserved 1048576K

Card table byte_map: [0x0000000002ad0000,0x0000000002b00000] byte_map_base: 0x00000000022f0000

Marking Bits: (ParMarkBitMap*) 0x000000005a62af90
 Begin Bits: [0x0000000012af0000, 0x0000000012bf0000)
 End Bits:   [0x0000000012bf0000, 0x0000000012cf0000)

Polling page: 0x0000000000dd0000

CodeCache: size=245760Kb used=328Kb max_used=328Kb free=245431Kb
 bounds [0x0000000002f30000, 0x00000000031a0000, 0x0000000011f30000]
 total_blobs=58 nmethods=0 adapters=38
 compilation: enabled

Compilation events (0 events):
No events

GC Heap History (0 events):
No events

Deoptimization events (0 events):
No events

Classes redefined (0 events):
No events

Internal exceptions (0 events):
No events

Events (10 events):
Event: 0.065 loading class java/lang/Short
Event: 0.066 loading class java/lang/Short done
Event: 0.066 loading class java/lang/Integer
Event: 0.066 loading class java/lang/Integer done
Event: 0.066 loading class java/lang/Long
Event: 0.067 loading class java/lang/Long done
Event: 0.068 loading class java/lang/NullPointerException
Event: 0.068 loading class java/lang/NullPointerException done
Event: 0.068 loading class java/lang/ArithmeticException
Event: 0.068 loading class java/lang/ArithmeticException done


Dynamic libraries:
0x00007ff7eb480000 - 0x00007ff7eb4b7000 	C:\Program Files\Java\jdk1.8.0_251\bin\java.exe
0x00007ff9dbc90000 - 0x00007ff9dbe84000 	C:\Windows\SYSTEM32\ntdll.dll
0x00007ff9db780000 - 0x00007ff9db83d000 	C:\Windows\System32\KERNEL32.DLL
0x00007ff9d93e0000 - 0x00007ff9d96a7000 	C:\Windows\System32\KERNELBASE.dll
0x00007ff9d9d00000 - 0x00007ff9d9daa000 	C:\Windows\System32\ADVAPI32.dll
0x00007ff9da590000 - 0x00007ff9da62e000 	C:\Windows\System32\msvcrt.dll
0x00007ff9da0b0000 - 0x00007ff9da14b000 	C:\Windows\System32\sechost.dll
0x00007ff9d9f80000 - 0x00007ff9da0a3000 	C:\Windows\System32\RPCRT4.dll
0x00007ff9dba90000 - 0x00007ff9dbc30000 	C:\Windows\System32\USER32.dll
0x00007ff9d96b0000 - 0x00007ff9d96d2000 	C:\Windows\System32\win32u.dll
0x00007ff9d9e10000 - 0x00007ff9d9e3a000 	C:\Windows\System32\GDI32.dll
0x00007ff9d99e0000 - 0x00007ff9d9aea000 	C:\Windows\System32\gdi32full.dll
0x00007ff9d97b0000 - 0x00007ff9d984d000 	C:\Windows\System32\msvcp_win.dll
0x00007ff9d9af0000 - 0x00007ff9d9bf0000 	C:\Windows\System32\ucrtbase.dll
0x00007ff9cbd20000 - 0x00007ff9cbfba000 	C:\Windows\WinSxS\amd64_microsoft.windows.common-controls_6595b64144ccf1df_6.0.19041.1_none_b555e41d4684ddec\COMCTL32.dll
0x00007ff9da800000 - 0x00007ff9da830000 	C:\Windows\System32\IMM32.DLL
0x000000005a800000 - 0x000000005a8d2000 	C:\Program Files\Java\jdk1.8.0_251\jre\bin\msvcr100.dll
0x0000000059e00000 - 0x000000005a6ab000 	C:\Program Files\Java\jdk1.8.0_251\jre\bin\server\jvm.dll
0x00007ff9dbc30000 - 0x00007ff9dbc38000 	C:\Windows\System32\PSAPI.DLL
0x00007ff9cf5e0000 - 0x00007ff9cf5ea000 	C:\Windows\SYSTEM32\VERSION.dll
0x00007ff9cf5a0000 - 0x00007ff9cf5c7000 	C:\Windows\SYSTEM32\WINMM.dll
0x00007ff99db10000 - 0x00007ff99db19000 	C:\Windows\SYSTEM32\WSOCK32.dll
0x00007ff9db840000 - 0x00007ff9db8ab000 	C:\Windows\System32\WS2_32.dll
0x00007ff9d5390000 - 0x00007ff9d539f000 	C:\Program Files\Java\jdk1.8.0_251\jre\bin\verify.dll
0x00007ff9bc7b0000 - 0x00007ff9bc7d9000 	C:\Program Files\Java\jdk1.8.0_251\jre\bin\java.dll
0x00007ff9cb5d0000 - 0x00007ff9cb5e6000 	C:\Program Files\Java\jdk1.8.0_251\jre\bin\zip.dll

VM Arguments:
jvm_args: -Xmx64M -Dfile.encoding=UTF8 
java_command: C:\Program Files\2017.1.5f1\Editor\Data\PlaybackEngines\AndroidPlayer/Tools\sdktools.jar -
java_class_path (initial): C:\Program Files\2017.1.5f1\Editor\Data\PlaybackEngines\AndroidPlayer/Tools\sdktools.jar
Launcher Type: SUN_STANDARD

Environment Variables:
PATH=C:\Program Files (x86)\VMware\VMware Player\bin\;C:\Program Files (x86)\Common Files\Oracle\Java\javapath;C:\Windows\system32;C:\Windows;C:\Windows\System32\Wbem;C:\Windows\System32\WindowsPowerShell\v1.0\;C:\Windows\System32\OpenSSH\;C:\Program Files\Hewlett-Packard\SimplePass\;C:\Program Files\7-Zip;C:\Program Files\Git\cmd;C:\Program Files\Microsoft SQL Server\130\Tools\Binn\;C:\Program Files (x86)\GtkSharp\2.12\bin;C:\Users\avane\AppData\Local\Microsoft\WindowsApps;
USERNAME=avane
OS=Windows_NT
PROCESSOR_IDENTIFIER=Intel64 Family 6 Model 58 Stepping 9, GenuineIntel



---------------  S Y S T E M  ---------------

OS: Windows 10.0 , 64 bit Build 19041 (10.0.19041.292)

CPU:total 8 (initial active 8) (4 cores per cpu, 2 threads per core) family 6 model 58 stepping 9, cmov, cx8, fxsr, mmx, sse, sse2, sse3, ssse3, sse4.1, sse4.2, popcnt, avx, aes, clmul, erms, ht, tsc, tscinvbit, tscinv

Memory: 4k page, physical 8285496k(1375952k free), swap 10382648k(5912k free)

vm_info: Java HotSpot(TM) 64-Bit Server VM (25.251-b08) for windows-amd64 JRE (1.8.0_251-b08), built on Mar 12 2020 06:31:49 by "" with MS VC++ 10.0 (VS2010)

time: Tue Oct 20 11:17:17 2020
timezone: Новосибирское стандартное время
elapsed time: 0 seconds (0d 0h 0m 0s)

