#
# There is insufficient memory for the Java Runtime Environment to continue.
# Native memory allocation (malloc) failed to allocate 1048576 bytes for AllocateHeap
# Possible reasons:
#   The system is out of physical RAM or swap space
#   The process is running with CompressedOops enabled, and the Java Heap may be blocking the growth of the native heap
# Possible solutions:
#   Reduce memory load on the system
#   Increase physical memory or swap space
#   Check if swap backing store is full
#   Decrease Java heap size (-Xmx/-Xms)
#   Decrease number of Java threads
#   Decrease Java thread stack sizes (-Xss)
#   Set larger code cache with -XX:ReservedCodeCacheSize=
#   JVM is running with Unscaled Compressed Oops mode in which the Java heap is
#     placed in the first 4GB address space. The Java Heap base address is the
#     maximum limit for the native heap growth. Please use -XX:HeapBaseMinAddress
#     to set the Java Heap base and to place the Java Heap above 4GB virtual address.
# This output file may be truncated or incomplete.
#
#  Out of Memory Error (memory/allocation.inline.hpp:61), pid=6252, tid=0x0000000000004838
#
# JRE version:  (8.0_242-b01) (build )
# Java VM: OpenJDK 64-Bit Server VM (25.242-b01 mixed mode windows-amd64 compressed oops)
# Failed to write core dump. Minidumps are not enabled by default on client versions of Windows
#

---------------  T H R E A D  ---------------

Current thread (0x000000000293e800):  JavaThread "Unknown thread" [_thread_in_vm, id=18488, stack(0x0000000002940000,0x0000000002a40000)]

Stack: [0x0000000002940000,0x0000000002a40000]
[error occurred during error reporting (printing stack bounds), id 0xc0000005]

Native frames: (J=compiled Java code, j=interpreted, Vv=VM code, C=native code)


---------------  P R O C E S S  ---------------

Java Threads: ( => current thread )

Other Threads:

=>0x000000000293e800 (exited) JavaThread "Unknown thread" [_thread_in_vm, id=18488, stack(0x0000000002940000,0x0000000002a40000)]

VM state:not at safepoint (normal execution)

VM Mutex/Monitor currently owned by a thread: None

heap address: 0x0000000080000000, size: 2048 MB, Compressed Oops mode: 32-bit
Narrow klass base: 0x0000000000000000, Narrow klass shift: 3
Compressed class space size: 1073741824 Address: 0x0000000100000000

Heap:
 PSYoungGen      total 38400K, used 665K [0x00000000d5580000, 0x00000000d8000000, 0x0000000100000000)
  eden space 33280K, 2% used [0x00000000d5580000,0x00000000d5626670,0x00000000d7600000)
  from space 5120K, 0% used [0x00000000d7b00000,0x00000000d7b00000,0x00000000d8000000)
  to   space 5120K, 0% used [0x00000000d7600000,0x00000000d7600000,0x00000000d7b00000)
 ParOldGen       total 87552K, used 0K [0x0000000080000000, 0x0000000085580000, 0x00000000d5580000)
  object space 87552K, 0% used [0x0000000080000000,0x0000000080000000,0x0000000085580000)
 Metaspace       used 779K, capacity 4480K, committed 4480K, reserved 1056768K
  class space    used 74K, capacity 384K, committed 384K, reserved 1048576K

Card table byte_map: [0x0000000011f00000,0x0000000012310000] byte_map_base: 0x0000000011b00000

Marking Bits: (ParMarkBitMap*) 0x000000006607f030
 Begin Bits: [0x0000000012dc0000, 0x0000000014dc0000)
 End Bits:   [0x0000000014dc0000, 0x0000000016dc0000)

Polling page: 0x0000000000a90000

CodeCache: size=245760Kb used=328Kb max_used=328Kb free=245431Kb
 bounds [0x0000000002b40000, 0x0000000002db0000, 0x0000000011b40000]
 total_blobs=57 nmethods=0 adapters=38
 compilation: enabled

Compilation events (0 events):
No events

GC Heap History (0 events):
No events

Deoptimization events (0 events):
No events

Classes redefined (0 events):
No events

Internal exceptions (0 events):
No events

Events (10 events):
Event: 0.019 loading class java/lang/Short
Event: 0.019 loading class java/lang/Short done
Event: 0.019 loading class java/lang/Integer
Event: 0.019 loading class java/lang/Integer done
Event: 0.019 loading class java/lang/Long
Event: 0.019 loading class java/lang/Long done
Event: 0.019 loading class java/lang/NullPointerException
Event: 0.020 loading class java/lang/NullPointerException done
Event: 0.020 loading class java/lang/ArithmeticException
Event: 0.020 loading class java/lang/ArithmeticException done


Dynamic libraries:
0x00007ff7aa920000 - 0x00007ff7aa951000 	C:\Program Files\Android\Android Studio\jre\bin\java.exe
0x00007ffe11d70000 - 0x00007ffe11f64000 	C:\Windows\SYSTEM32\ntdll.dll
0x00007ffe11680000 - 0x00007ffe1173d000 	C:\Windows\System32\KERNEL32.DLL
0x00007ffe0f710000 - 0x00007ffe0f9d7000 	C:\Windows\System32\KERNELBASE.dll
0x00007ffe11c70000 - 0x00007ffe11d1a000 	C:\Windows\System32\ADVAPI32.dll
0x00007ffe10a50000 - 0x00007ffe10aee000 	C:\Windows\System32\msvcrt.dll
0x00007ffe103e0000 - 0x00007ffe1047b000 	C:\Windows\System32\sechost.dll
0x00007ffe10480000 - 0x00007ffe105a3000 	C:\Windows\System32\RPCRT4.dll
0x00007ffe10840000 - 0x00007ffe109e0000 	C:\Windows\System32\USER32.dll
0x00007ffe0f9e0000 - 0x00007ffe0fa02000 	C:\Windows\System32\win32u.dll
0x00007ffe10320000 - 0x00007ffe1034a000 	C:\Windows\System32\GDI32.dll
0x00007ffe0fcd0000 - 0x00007ffe0fdda000 	C:\Windows\System32\gdi32full.dll
0x00007ffe0f570000 - 0x00007ffe0f60d000 	C:\Windows\System32\msvcp_win.dll
0x00007ffe0f610000 - 0x00007ffe0f710000 	C:\Windows\System32\ucrtbase.dll
0x00007ffe02160000 - 0x00007ffe023fa000 	C:\Windows\WinSxS\amd64_microsoft.windows.common-controls_6595b64144ccf1df_6.0.19041.1_none_b555e41d4684ddec\COMCTL32.dll
0x00007ffe11800000 - 0x00007ffe11830000 	C:\Windows\System32\IMM32.DLL
0x0000000066100000 - 0x00000000661d2000 	C:\Program Files\Android\Android Studio\jre\jre\bin\msvcr100.dll
0x00000000658b0000 - 0x00000000660fb000 	C:\Program Files\Android\Android Studio\jre\jre\bin\server\jvm.dll
0x00007ffe11660000 - 0x00007ffe11668000 	C:\Windows\System32\PSAPI.DLL
0x00007ffe048e0000 - 0x00007ffe04907000 	C:\Windows\SYSTEM32\WINMM.dll
0x00007ffe0aa70000 - 0x00007ffe0aa79000 	C:\Windows\SYSTEM32\WSOCK32.dll
0x00007ffe04910000 - 0x00007ffe0491a000 	C:\Windows\SYSTEM32\VERSION.dll
0x00007ffe109e0000 - 0x00007ffe10a4b000 	C:\Windows\System32\WS2_32.dll
0x00007ffe0ab40000 - 0x00007ffe0ab4f000 	C:\Program Files\Android\Android Studio\jre\jre\bin\verify.dll
0x00007ffe07410000 - 0x00007ffe07439000 	C:\Program Files\Android\Android Studio\jre\jre\bin\java.dll
0x00007ffe08b70000 - 0x00007ffe08b86000 	C:\Program Files\Android\Android Studio\jre\jre\bin\zip.dll

VM Arguments:
jvm_args: -Xmx2048M -Dcom.android.sdkmanager.toolsdir=C:/Users/avane/AppData/Local/Android/Sdk\tools -Dfile.encoding=UTF8 
java_command: C:\Program Files\2017.1.5f1\Editor\Data\PlaybackEngines\AndroidPlayer/Tools\sdktools.jar -
java_class_path (initial): C:\Program Files\2017.1.5f1\Editor\Data\PlaybackEngines\AndroidPlayer/Tools\sdktools.jar
Launcher Type: SUN_STANDARD

Environment Variables:
PATH=C:\Program Files (x86)\VMware\VMware Player\bin\;C:\Program Files (x86)\Common Files\Oracle\Java\javapath;C:\Windows\system32;C:\Windows;C:\Windows\System32\Wbem;C:\Windows\System32\WindowsPowerShell\v1.0\;C:\Windows\System32\OpenSSH\;C:\Program Files\Hewlett-Packard\SimplePass\;C:\Program Files\7-Zip;C:\Program Files\Git\cmd;C:\Program Files\Microsoft SQL Server\130\Tools\Binn\;C:\Program Files (x86)\GtkSharp\2.12\bin;C:\Users\avane\AppData\Local\Microsoft\WindowsApps;
USERNAME=avane
OS=Windows_NT
PROCESSOR_IDENTIFIER=Intel64 Family 6 Model 58 Stepping 9, GenuineIntel



---------------  S Y S T E M  ---------------

OS: Windows 10.0 , 64 bit Build 19041 (10.0.19041.292)

CPU:total 8 (initial active 8) (4 cores per cpu, 2 threads per core) family 6 model 58 stepping 9, cmov, cx8, fxsr, mmx, sse, sse2, sse3, ssse3, sse4.1, sse4.2, popcnt, avx, aes, clmul, erms, ht, tsc, tscinvbit, tscinv

Memory: 4k page, physical 8285496k(2066492k free), swap 10382648k(5212k free)

vm_info: OpenJDK 64-Bit Server VM (25.242-b01) for windows-amd64 JRE (1.8.0_242-release-1644-b01), built by "builder" with MS VC++ 10.0 (VS2010)

time: Thu Nov 12 12:00:31 2020
timezone: Новосибирское стандартное время
elapsed time: 0 seconds (0d 0h 0m 0s)

